[2015-12-06 20:15:07] START
[2015-12-09 19:15:14] EDIT editex/models/editex_tables.py: 8
[2015-12-09 19:22:42] EDIT editex/controllers/edit.py: 5
[2015-12-09 19:23:14] EDIT editex/controllers/edit.py: 0
[2015-12-09 19:29:41] EDIT editex/models/editex_tables.py: 1
[2015-12-09 19:34:52] EDIT editex/controllers/edit.py: 6
[2015-12-09 19:38:28] EDIT editex/models/editex_tables.py: 1
[2015-12-09 20:21:47] EDIT editex/controllers/edit.py: 37
[2015-12-09 20:21:57] EDIT editex/models/editex_tables.py: 0
[2015-12-09 21:00:15] EDIT editex/controllers/edit.py: 18
[2015-12-09 21:01:25] EDIT editex/controllers/edit.py: 1
[2015-12-09 21:07:56] CREATE edit/index.html: 0
[2015-12-09 21:20:31] EDIT editex/views/edit/index.html: 4
[2015-12-09 21:28:49] EDIT editex/views/edit/index.html: 3
[2015-12-09 21:30:10] CREATE edit/segments.html: 0
[2015-12-09 21:35:35] EDIT editex/views/edit/segments.html: 3
[2015-12-09 21:40:28] CREATE edit/TeX.load: 0
[2015-12-09 21:42:02] EDIT editex/views/edit/TeX.load: -9
[2015-12-09 21:42:40] CREATE edit/txt.load: 0
[2015-12-09 21:50:58] EDIT editex/views/edit/TeX.load: 0
[2015-12-09 21:52:18] EDIT editex/views/edit/txt.load: -13
[2015-12-09 22:00:29] EDIT editex/views/edit/segments.html: 15
[2015-12-09 22:02:30] EDIT editex/views/edit/segments.html: 0
[2015-12-09 22:03:18] EDIT editex/views/edit/TeX.load: 11
[2015-12-09 22:03:22] EDIT editex/views/edit/txt.load: 0
[2015-12-09 22:03:29] EDIT editex/views/edit/index.html: 0
[2015-12-09 22:03:35] EDIT editex/controllers/edit.py: 0
[2015-12-09 22:05:12] EDIT editex/controllers/edit.py: 0
[2015-12-09 22:05:43] EDIT editex/controllers/edit.py: 0
[2015-12-09 22:07:56] CREATE edit/foot_bar.load: 0
[2015-12-09 22:10:43] EDIT editex/views/edit/foot_bar.load: -8
[2015-12-09 22:14:17] CREATE edit/review_bar.load: 0
[2015-12-09 22:17:07] EDIT editex/views/edit/review_bar.load: -11
[2015-12-09 22:30:23] EDIT editex/models/editex_tables.py: 16
[2015-12-09 22:32:33] EDIT editex/views/edit/segments.html: 2
[2015-12-09 22:33:49] EDIT editex/models/editex_tables.py: 0
[2015-12-09 22:35:29] EDIT editex/models/editex_tables.py: 0
[2015-12-09 22:36:05] EDIT editex/models/editex_tables.py: 0
[2015-12-09 22:37:27] EDIT editex/models/editex_tables.py: 0
[2015-12-09 22:38:24] EDIT editex/models/editex_tables.py: 0
[2015-12-09 22:40:05] EDIT editex/models/editex_tables.py: 0
[2015-12-09 23:04:38] EDIT editex/views/edit/index.html: 0
[2015-12-10 10:11:27] EDIT editex/views/edit/segments.html: 0
[2015-12-10 10:17:42] EDIT editex/views/edit/segments.html: 0
[2016-03-05 19:34:32] EDIT editex/models/editex_tables.py: 1
[2016-03-05 19:35:19] EDIT editex/models/editex_tables.py: 0
[2016-03-05 19:39:25] EDIT editex/controllers/edit.py: 3
[2016-03-05 19:40:10] CREATE edit/buttonset.html: 0
[2016-03-05 19:55:56] EDIT editex/views/edit/buttonset.html: 1
[2016-03-05 20:19:36] EDIT editex/views/edit/buttonset.html: 8
[2016-03-05 20:20:08] EDIT editex/views/edit/buttonset.html: 0
[2016-03-05 20:21:27] EDIT editex/views/edit/buttonset.html: 1
[2016-03-05 20:22:54] EDIT editex/views/edit/buttonset.html: 1
[2016-03-05 20:26:32] EDIT editex/views/edit/buttonset.html: 0
[2016-03-05 20:28:41] EDIT editex/views/edit/buttonset.html: 0
[2016-03-05 20:30:03] EDIT editex/views/edit/buttonset.html: 0
[2016-03-05 20:30:49] EDIT editex/views/edit/buttonset.html: 0
[2016-03-05 20:34:42] EDIT editex/controllers/edit.py: 0
[2016-03-05 20:40:00] EDIT editex/views/edit/buttonset.html: 1
[2016-03-05 20:42:20] EDIT editex/views/edit/buttonset.html: 0
[2016-03-05 20:43:22] EDIT editex/views/edit/buttonset.html: 1
[2016-03-05 20:44:20] EDIT editex/views/edit/buttonset.html: 0
[2016-03-05 20:46:36] EDIT editex/views/edit/buttonset.html: 2
[2016-03-05 20:47:36] EDIT editex/views/edit/buttonset.html: 0
[2016-03-06 15:26:12] EDIT editex/controllers/default.py: 2
[2016-03-06 15:26:40] CREATE default/tinymce.html: 0
[2016-03-06 15:28:11] EDIT editex/views/default/tinymce.html: 3
[2016-03-06 20:03:04] EDIT editex/views/edit/buttonset.html: 9
[2016-03-06 20:09:09] EDIT editex/views/edit/buttonset.html: 0
[2016-03-06 20:10:45] EDIT editex/views/edit/buttonset.html: 1
[2016-03-06 20:14:06] EDIT editex/controllers/edit.py: 3
[2016-03-06 20:14:42] EDIT editex/controllers/edit.py: 0
[2016-03-06 20:15:13] CREATE default/btest.html: 0
[2016-03-06 20:16:59] EDIT editex/views/default/tinymce.html: 0
[2016-03-06 20:21:22] EDIT editex/views/default/btest.html: 20
[2016-03-06 20:26:49] EDIT editex/views/default/btest.html: 2
[2016-03-06 20:27:06] EDIT editex/views/default/btest.html: 0
[2016-03-06 20:28:10] CREATE edit/btest.html: 0
[2016-03-06 20:28:21] EDIT editex/views/edit/btest.html: 23
[2016-03-06 20:32:01] EDIT editex/views/edit/btest.html: -1
[2016-03-06 20:33:42] EDIT editex/controllers/edit.py: 3
[2016-03-06 20:33:57] CREATE edit/b3.html: 0
[2016-03-06 20:34:43] EDIT editex/views/edit/b3.html: 20
[2016-03-06 20:35:59] EDIT editex/views/edit/b3.html: 17
[2016-03-06 20:37:41] EDIT editex/views/edit/b3.html: 0
[2016-03-06 20:38:31] EDIT editex/views/edit/b3.html: 0
[2016-03-06 20:41:19] EDIT editex/views/edit/b3.html: 0
[2016-03-06 20:48:52] CREATE css/tiny.css: 0
[2016-03-06 20:50:21] EDIT editex/static/css/tiny.css: 202
[2016-03-06 20:53:44] EDIT editex/views/edit/b3.html: -1
[2016-03-06 21:06:41] EDIT editex/views/layout.html: 0
[2016-03-06 21:08:00] EDIT editex/views/edit/b3.html: 3
[2016-03-06 21:08:53] EDIT editex/views/edit/b3.html: -1
[2016-03-06 21:12:16] EDIT editex/views/edit/b3.html: 2
[2016-03-06 21:13:07] EDIT editex/views/edit/b3.html: 1
[2016-03-06 21:18:45] EDIT editex/views/default/btest.html: 0
[2016-03-06 21:20:41] EDIT editex/views/default/btest.html: -1
[2016-03-06 21:20:57] EDIT editex/static/css/tiny.css: 0
[2016-03-06 21:25:02] EDIT editex/views/edit/btest.html: 1
[2016-03-06 21:25:50] EDIT editex/views/edit/btest.html: 0
[2016-03-06 21:29:52] EDIT editex/views/edit/b3.html: -2
[2016-03-06 21:50:33] EDIT editex/controllers/default.py: 2
[2016-03-06 21:51:56] EDIT editex/views/default/tinymce.html: 0
[2016-03-06 21:56:16] EDIT editex/views/edit/btest.html: 0
[2016-03-06 21:57:00] EDIT editex/views/edit/btest.html: 0
[2016-03-06 22:00:10] EDIT editex/views/default/tinymce.html: 40
[2016-03-06 22:02:25] EDIT editex/views/default/tinymce.html: -3
[2016-03-06 22:04:16] EDIT editex/views/default/tinymce.html: -1
[2016-03-06 22:06:53] EDIT editex/views/default/tinymce.html: 2
[2016-03-06 22:07:30] EDIT editex/controllers/default.py: 1
[2016-03-06 22:08:35] EDIT editex/controllers/default.py: 0
[2016-03-06 22:14:23] EDIT editex/views/default/tinymce.html: 19
[2016-03-06 22:16:22] EDIT editex/views/default/tinymce.html: 0
[2016-03-06 22:24:41] EDIT editex/views/default/tinymce.html: -3
[2016-03-06 23:36:13] EDIT editex/views/default/tinymce.html: 0
[2016-03-06 23:40:33] EDIT editex/views/default/tinymce.html: 1
[2016-03-06 23:41:27] EDIT editex/views/default/tinymce.html: 0
[2016-03-07 00:46:07] EDIT editex/views/edit/btest.html: 0
[2016-03-07 00:47:28] EDIT editex/views/edit/btest.html: 0
[2016-03-07 00:47:45] EDIT editex/views/edit/btest.html: 0
[2016-03-07 00:48:13] EDIT editex/views/edit/btest.html: 0
[2016-03-07 01:03:34] EDIT editex/controllers/edit.py: 1
[2016-03-07 01:04:20] EDIT editex/controllers/edit.py: 0
[2016-03-07 01:08:08] EDIT editex/views/edit/buttonset.html: 0
[2016-03-07 01:10:14] EDIT editex/views/edit/btest.html: 0
[2016-03-07 01:10:19] EDIT editex/views/edit/btest.html: 0
[2016-03-07 01:11:21] EDIT editex/views/edit/btest.html: -15
[2016-03-07 01:12:16] EDIT editex/views/edit/btest.html: 2
[2016-03-07 01:13:54] EDIT editex/views/edit/btest.html: 0
[2016-03-07 01:15:24] EDIT editex/controllers/edit.py: 0
[2016-03-07 01:19:12] EDIT editex/views/edit/buttonset.html: 63
[2016-03-07 01:21:28] EDIT editex/views/edit/buttonset.html: 0
[2016-03-07 01:29:30] EDIT editex/views/edit/buttonset.html: -7
[2016-03-07 01:31:24] EDIT editex/views/edit/buttonset.html: 2
[2016-03-07 01:34:50] EDIT editex/views/edit/buttonset.html: 0
[2016-03-07 01:35:43] EDIT editex/views/edit/buttonset.html: 0
[2016-03-07 01:37:03] EDIT editex/views/edit/buttonset.html: 0
[2016-03-07 01:38:43] EDIT editex/views/edit/buttonset.html: 0
[2016-03-07 01:39:31] EDIT editex/views/edit/buttonset.html: 0
[2016-03-07 01:40:36] EDIT editex/views/edit/buttonset.html: -1
[2016-03-07 01:42:28] EDIT editex/views/edit/buttonset.html: 0
[2016-03-07 01:43:41] EDIT editex/views/edit/buttonset.html: 0
[2016-03-07 01:44:29] EDIT editex/views/edit/buttonset.html: -1
[2016-03-07 01:45:46] EDIT editex/views/layout.html: 1
[2016-03-07 01:46:39] EDIT editex/views/edit/buttonset.html: 0
[2016-03-07 01:47:26] EDIT editex/views/edit/buttonset.html: 0
[2016-03-07 01:48:37] EDIT editex/views/edit/buttonset.html: 0
[2016-03-07 01:49:49] EDIT editex/views/edit/buttonset.html: 0
[2016-03-07 01:51:15] EDIT editex/views/edit/b3.html: 42
[2016-03-07 01:53:05] EDIT editex/views/edit/buttonset.html: 0
[2016-03-07 01:54:25] EDIT editex/views/edit/buttonset.html: 0
[2016-03-07 01:54:55] EDIT editex/views/edit/buttonset.html: 0
[2016-03-07 01:56:11] EDIT editex/views/layout.html: -1
[2016-03-07 01:56:21] EDIT editex/views/edit/buttonset.html: 1
[2016-03-07 01:59:01] EDIT editex/views/edit/buttonset.html: 0
[2016-03-07 02:04:19] EDIT editex/static/js/tinymce.min.js: 14971
[2016-03-07 02:07:54] EDIT editex/static/js/tinymce.min.js: 0
[2016-03-07 02:08:29] EDIT editex/views/edit/buttonset.html: -1
[2016-03-07 02:08:55] EDIT editex/views/layout.html: 1
[2016-03-07 02:09:48] EDIT editex/views/layout.html: 0
[2016-03-07 02:11:03] EDIT editex/views/layout.html: 0
[2016-03-07 02:23:48] EDIT editex/views/edit/btest.html: 2
[2016-03-07 02:34:53] EDIT editex/views/edit/buttonset.html: 56
[2016-03-07 02:46:57] EDIT editex/views/edit/buttonset.html: 1
[2016-03-07 02:48:57] EDIT editex/views/edit/buttonset.html: 0
[2016-03-07 23:55:41] EDIT editex/views/edit/buttonset.html: 8
[2016-03-08 00:04:22] EDIT editex/views/edit/buttonset.html: 7
[2016-03-08 00:16:27] EDIT editex/views/edit/buttonset.html: -1
